# JRE version: Java(TM) SE Runtime Environment (20.0.2+9) (build 20.0.2+9-78)
# Java VM: Java HotSpot(TM) 64-Bit Server VM (20.0.2+9-78, mixed mode, sharing, tiered, compressed oops, compressed class ptrs, g1 gc, windows-amd64)
GC Precious Log:
 CardTable entry size: 512
 Card Set container configuration: InlinePtr #cards 5 size 8 Array Of Cards #cards 12 size 40 Howl #buckets 4 coarsen threshold 1843 Howl Bitmap #cards 512 size 80 coarsen threshold 460 Card regions per heap region 1 cards per card region 2048
 CPUs: 4 total, 4 available
 Memory: 16382M
 Large Page Support: Disabled
 NUMA Support: Disabled
 Compressed Oops: Enabled (32-bit)
 Heap Region Size: 1M
 Heap Min Capacity: 256M
 Heap Initial Capacity: 256M
 Heap Max Capacity: 512M
 Pre-touch: Disabled
 Parallel Workers: 4
 Concurrent Workers: 1
 Concurrent Refinement Workers: 4
 Periodic GC: Disabled
Heap:
 garbage-first heap   total 262144K, used 185856K [0x00000000e0000000, 0x0000000100000000)
  region size 1024K, 138 young (141312K), 16 survivors (16384K)
 Metaspace       used 73896K, committed 75968K, reserved 380928K
  class space    used 10125K, committed 11200K, reserved 315392K
GC Heap History (20 events):
Event: 2.128 GC heap before
{Heap before GC invocations=0 (full 0):
 garbage-first heap   total 262144K, used 12288K [0x00000000e0000000, 0x0000000100000000)
  region size 1024K, 13 young (13312K), 0 survivors (0K)
 Metaspace       used 948K, committed 1088K, reserved 380928K
  class space    used 77K, committed 128K, reserved 315392K
}
Event: 2.322 GC heap after
{Heap after GC invocations=1 (full 0):
 garbage-first heap   total 262144K, used 2941K [0x00000000e0000000, 0x0000000100000000)
  region size 1024K, 2 young (2048K), 2 survivors (2048K)
 Metaspace       used 948K, committed 1088K, reserved 380928K
  class space    used 77K, committed 128K, reserved 315392K
}
Event: 6.509 GC heap before
{Heap before GC invocations=1 (full 0):
 garbage-first heap   total 262144K, used 23421K [0x00000000e0000000, 0x0000000100000000)
  region size 1024K, 19 young (19456K), 2 survivors (2048K)
 Metaspace       used 3907K, committed 4096K, reserved 380928K
  class space    used 488K, committed 576K, reserved 315392K
}
Event: 6.521 GC heap after
{Heap after GC invocations=2 (full 0):
 garbage-first heap   total 262144K, used 10647K [0x00000000e0000000, 0x0000000100000000)
  region size 1024K, 3 young (3072K), 3 survivors (3072K)
 Metaspace       used 3907K, committed 4096K, reserved 380928K
  class space    used 488K, committed 576K, reserved 315392K
}
Event: 8.134 GC heap before
{Heap before GC invocations=2 (full 0):
 garbage-first heap   total 262144K, used 33175K [0x00000000e0000000, 0x0000000100000000)
  region size 1024K, 25 young (25600K), 3 survivors (3072K)
 Metaspace       used 4037K, committed 4224K, reserved 380928K
  class space    used 490K, committed 576K, reserved 315392K
}
Event: 8.137 GC heap after
{Heap after GC invocations=3 (full 0):
 garbage-first heap   total 262144K, used 13428K [0x00000000e0000000, 0x0000000100000000)
  region size 1024K, 3 young (3072K), 3 survivors (3072K)
 Metaspace       used 4037K, committed 4224K, reserved 380928K
  class space    used 490K, committed 576K, reserved 315392K
}
Event: 32.064 GC heap before
{Heap before GC invocations=3 (full 0):
 garbage-first heap   total 262144K, used 113780K [0x00000000e0000000, 0x0000000100000000)
  region size 1024K, 102 young (104448K), 3 survivors (3072K)
 Metaspace       used 20801K, committed 21504K, reserved 380928K
  class space    used 3053K, committed 3392K, reserved 315392K
}
Event: 32.103 GC heap after
{Heap after GC invocations=4 (full 0):
 garbage-first heap   total 262144K, used 23521K [0x00000000e0000000, 0x0000000100000000)
  region size 1024K, 13 young (13312K), 13 survivors (13312K)
 Metaspace       used 20801K, committed 21504K, reserved 380928K
  class space    used 3053K, committed 3392K, reserved 315392K
}
Event: 42.777 GC heap before
{Heap before GC invocations=5 (full 0):
 garbage-first heap   total 262144K, used 124897K [0x00000000e0000000, 0x0000000100000000)
  region size 1024K, 112 young (114688K), 13 survivors (13312K)
 Metaspace       used 32895K, committed 34112K, reserved 380928K
  class space    used 4761K, committed 5376K, reserved 315392K
}
Event: 42.798 GC heap after
{Heap after GC invocations=6 (full 0):
 garbage-first heap   total 262144K, used 30637K [0x00000000e0000000, 0x0000000100000000)
  region size 1024K, 8 young (8192K), 8 survivors (8192K)
 Metaspace       used 32895K, committed 34112K, reserved 380928K
  class space    used 4761K, committed 5376K, reserved 315392K
}
Event: 44.140 GC heap before
{Heap before GC invocations=6 (full 0):
 garbage-first heap   total 262144K, used 43949K [0x00000000e0000000, 0x0000000100000000)
  region size 1024K, 22 young (22528K), 8 survivors (8192K)
 Metaspace       used 34740K, committed 35968K, reserved 380928K
  class space    used 5073K, committed 5696K, reserved 315392K
}
Event: 44.152 GC heap after
{Heap after GC invocations=7 (full 0):
 garbage-first heap   total 262144K, used 30981K [0x00000000e0000000, 0x0000000100000000)
  region size 1024K, 8 young (8192K), 8 survivors (8192K)
 Metaspace       used 34740K, committed 35968K, reserved 380928K
  class space    used 5073K, committed 5696K, reserved 315392K
}
Event: 50.472 GC heap before
{Heap before GC invocations=8 (full 0):
 garbage-first heap   total 262144K, used 165125K [0x00000000e0000000, 0x0000000100000000)
  region size 1024K, 134 young (137216K), 8 survivors (8192K)
 Metaspace       used 43101K, committed 44416K, reserved 380928K
  class space    used 5948K, committed 6592K, reserved 315392K
}
Event: 50.719 GC heap after
{Heap after GC invocations=9 (full 0):
 garbage-first heap   total 262144K, used 40405K [0x00000000e0000000, 0x0000000100000000)
  region size 1024K, 17 young (17408K), 17 survivors (17408K)
 Metaspace       used 43101K, committed 44416K, reserved 380928K
  class space    used 5948K, committed 6592K, reserved 315392K
}
Event: 55.971 GC heap before
{Heap before GC invocations=9 (full 0):
 garbage-first heap   total 262144K, used 179669K [0x00000000e0000000, 0x0000000100000000)
  region size 1024K, 153 young (156672K), 17 survivors (17408K)
 Metaspace       used 46658K, committed 48128K, reserved 380928K
  class space    used 6473K, committed 7168K, reserved 315392K
}
Event: 56.010 GC heap after
{Heap after GC invocations=10 (full 0):
 garbage-first heap   total 262144K, used 46158K [0x00000000e0000000, 0x0000000100000000)
  region size 1024K, 16 young (16384K), 16 survivors (16384K)
 Metaspace       used 46658K, committed 48128K, reserved 380928K
  class space    used 6473K, committed 7168K, reserved 315392K
}
Event: 63.106 GC heap before
{Heap before GC invocations=10 (full 0):
 garbage-first heap   total 262144K, used 146510K [0x00000000e0000000, 0x0000000100000000)
  region size 1024K, 114 young (116736K), 16 survivors (16384K)
 Metaspace       used 58266K, committed 60096K, reserved 380928K
  class space    used 8169K, committed 9088K, reserved 315392K
}
Event: 63.245 GC heap after
{Heap after GC invocations=11 (full 0):
 garbage-first heap   total 262144K, used 52731K [0x00000000e0000000, 0x0000000100000000)
  region size 1024K, 14 young (14336K), 14 survivors (14336K)
 Metaspace       used 58266K, committed 60096K, reserved 380928K
  class space    used 8169K, committed 9088K, reserved 315392K
}
Event: 82.482 GC heap before
{Heap before GC invocations=12 (full 0):
 garbage-first heap   total 262144K, used 194043K [0x00000000e0000000, 0x0000000100000000)
  region size 1024K, 153 young (156672K), 14 survivors (14336K)
 Metaspace       used 63836K, committed 65792K, reserved 380928K
  class space    used 8861K, committed 9856K, reserved 315392K
}
Event: 82.652 GC heap after
{Heap after GC invocations=13 (full 0):
 garbage-first heap   total 262144K, used 62976K [0x00000000e0000000, 0x0000000100000000)
  region size 1024K, 16 young (16384K), 16 survivors (16384K)
 Metaspace       used 63836K, committed 65792K, reserved 380928K
  class space    used 8861K, committed 9856K, reserved 315392K
}

